<?xml version="1.0" encoding="UTF-8"?>
<testsuite name="com.harshadev.stringcalculator.NumberParserTest" tests="1" skipped="0" failures="0" errors="0" timestamp="2021-02-23T03:33:38" hostname="HARSH" time="0.003">
  <properties/>
  <testcase name="testParseCustomDelimiter2SpecialChars" classname="com.harshadev.stringcalculator.NumberParserTest" time="0.003"/>
  <system-out><![CDATA[]]></system-out>
  <system-err><![CDATA[]]></system-err>
</testsuite>
